Using pre-set license
Built from '2020.3/staging' branch; Version is '2020.3.26f1 (7298b473bc1a) revision 7510196'; Using compiler version '192528614'; Build Type 'Release'
OS: 'Windows 10  (10.0.19045) 64bit Core' Language: 'en' Physical Memory: 32715 MB
BatchMode: 1, IsHumanControllingUs: 0, StartBugReporterOnCrash: 0, Is64bit: 1, IsPro: 0

COMMAND LINE ARGUMENTS:
D:\unity\2020.3.26f1\Editor\Unity.exe
-adb2
-batchMode
-noUpm
-name
AssetImportWorker1
-projectPath
D:/work/freelance/fakeApp
-logFile
Logs/AssetImportWorker1.log
-srvPort
53383
Successfully changed project path to: D:/work/freelance/fakeApp
D:/work/freelance/fakeApp
Using Asset Import Pipeline V2.
Refreshing native plugins compatible for Editor in 67.00 ms, found 2 plugins.
Preloading 0 native plugins for Editor in 0.00 ms.
Initialize engine version: 2020.3.26f1 (7298b473bc1a)
[Subsystems] Discovering subsystems at path D:/unity/2020.3.26f1/Editor/Data/Resources/UnitySubsystems
[Subsystems] Discovering subsystems at path D:/work/freelance/fakeApp/Assets
GfxDevice: creating device client; threaded=0
Direct3D:
    Version:  Direct3D 11.0 [level 11.1]
    Renderer: NVIDIA GeForce GTX 1080 Ti (ID=0x1b06)
    Vendor:   
    VRAM:     11120 MB
    Driver:   31.0.15.3623
Initialize mono
Mono path[0] = 'D:/unity/2020.3.26f1/Editor/Data/Managed'
Mono path[1] = 'D:/unity/2020.3.26f1/Editor/Data/MonoBleedingEdge/lib/mono/unityjit'
Mono config path = 'D:/unity/2020.3.26f1/Editor/Data/MonoBleedingEdge/etc'
Using monoOptions --debugger-agent=transport=dt_socket,embedding=1,server=y,suspend=n,address=127.0.0.1:56488
Begin MonoManager ReloadAssembly
Registering precompiled unity dll's ...
Register platform support module: D:/unity/2020.3.26f1/Editor/Data/PlaybackEngines/WindowsStandaloneSupport/UnityEditor.WindowsStandalone.Extensions.dll
Registered in 0.001270 seconds.
Native extension for WindowsStandalone target not found
Refreshing native plugins compatible for Editor in 64.15 ms, found 2 plugins.
Preloading 0 native plugins for Editor in 0.00 ms.
Mono: successfully reloaded assembly
- Completed reload, in  0.807 seconds
Domain Reload Profiling:
	ReloadAssembly (807ms)
		BeginReloadAssembly (82ms)
			ExecutionOrderSort (0ms)
			DisableScriptedObjects (0ms)
			BackupInstance (0ms)
			ReleaseScriptingObjects (0ms)
			CreateAndSetChildDomain (1ms)
		EndReloadAssembly (631ms)
			LoadAssemblies (80ms)
			RebuildTransferFunctionScriptingTraits (0ms)
			SetupTypeCache (214ms)
			ReleaseScriptCaches (0ms)
			RebuildScriptCaches (41ms)
			SetupLoadedEditorAssemblies (245ms)
				LogAssemblyErrors (0ms)
				InitializePlatformSupportModulesInManaged (4ms)
				SetLoadedEditorAssemblies (0ms)
				RefreshPlugins (64ms)
				BeforeProcessingInitializeOnLoad (23ms)
				ProcessInitializeOnLoadAttributes (112ms)
				ProcessInitializeOnLoadMethodAttributes (42ms)
				AfterProcessingInitializeOnLoad (0ms)
				EditorAssembliesLoaded (0ms)
			ExecutionOrderSort2 (0ms)
			AwakeInstancesAfterBackupRestoration (0ms)
Platform modules already initialized, skipping
Registering precompiled user dll's ...
Registered in 0.005906 seconds.
Begin MonoManager ReloadAssembly
Native extension for WindowsStandalone target not found
Refreshing native plugins compatible for Editor in 74.70 ms, found 2 plugins.
Preloading 0 native plugins for Editor in 0.00 ms.
Mono: successfully reloaded assembly
- Completed reload, in  2.704 seconds
Domain Reload Profiling:
	ReloadAssembly (2710ms)
		BeginReloadAssembly (175ms)
			ExecutionOrderSort (0ms)
			DisableScriptedObjects (5ms)
			BackupInstance (0ms)
			ReleaseScriptingObjects (0ms)
			CreateAndSetChildDomain (28ms)
		EndReloadAssembly (2459ms)
			LoadAssemblies (102ms)
			RebuildTransferFunctionScriptingTraits (0ms)
			SetupTypeCache (385ms)
			ReleaseScriptCaches (1ms)
			RebuildScriptCaches (82ms)
			SetupLoadedEditorAssemblies (1717ms)
				LogAssemblyErrors (0ms)
				InitializePlatformSupportModulesInManaged (3ms)
				SetLoadedEditorAssemblies (0ms)
				RefreshPlugins (75ms)
				BeforeProcessingInitializeOnLoad (106ms)
				ProcessInitializeOnLoadAttributes (305ms)
				ProcessInitializeOnLoadMethodAttributes (1223ms)
				AfterProcessingInitializeOnLoad (4ms)
				EditorAssembliesLoaded (0ms)
			ExecutionOrderSort2 (0ms)
			AwakeInstancesAfterBackupRestoration (9ms)
Platform modules already initialized, skipping
========================================================================
Worker process is ready to serve import requests
Launched and connected shader compiler UnityShaderCompiler.exe after 0.10 seconds
Refreshing native plugins compatible for Editor in 0.99 ms, found 2 plugins.
Preloading 0 native plugins for Editor in 0.00 ms.
Unloading 1666 Unused Serialized files (Serialized files now loaded: 0)
System memory in use before: 79.1 MB.
System memory in use after: 79.2 MB.

Unloading 19 unused Assets to reduce memory usage. Loaded Objects now: 2099.
Total: 4.843600 ms (FindLiveObjects: 0.178600 ms CreateObjectMapping: 0.040300 ms MarkObjects: 4.490400 ms  DeleteObjects: 0.132200 ms)

AssetImportParameters requested are different than current active one (requested -> active):
  custom:framework-win-MediaFoundation: 216162199b28c13a410421893ffa2e32 -> 
  custom:video-decoder-ogg-theora: a1e56fd34408186e4bbccfd4996cb3dc -> 
  custom:container-muxer-webm: aa71ff27fc2769a1b78a27578f13a17b -> 
  custom:container-demuxer-webm: 4f35f7cbe854078d1ac9338744f61a02 -> 
  custom:container-demuxer-ogg: 62fdf1f143b41e24485cea50d1cbac27 -> 
  custom:video-encoder-webm-vp8: eb34c28f22e8b96e1ab97ce403110664 -> 
  custom:video-decoder-webm-vp8: 9c59270c3fd7afecdb556c50c9e8de78 -> 
  custom:audio-decoder-ogg-vorbis: bf7c407c2cedff20999df2af8eb42d56 -> 
  custom:audio-encoder-webm-vorbis: bf7c407c2cedff20999df2af8eb42d56 -> 
========================================================================
Received Import Request.
  path: Assets/Resources/Feed/Game_S/Story2/story2-1.json
  artifactKey: Guid(a3988088aee2d0e49bffb4d93287e197) Importer(815301076,1909f56bfc062723c751e8b465ee728b)
Start importing Assets/Resources/Feed/Game_S/Story2/story2-1.json using Guid(a3988088aee2d0e49bffb4d93287e197) Importer(815301076,1909f56bfc062723c751e8b465ee728b)  -> (artifact id: '430e2209566ad18867f711913e899f90') in 0.074987 seconds 
  Import took 0.090690 seconds .

========================================================================
Received Import Request.
  Time since last request: 49.252637 seconds.
  path: Assets/Chat.prefab
  artifactKey: Guid(db137bc573b816c4483088e9504a985e) Importer(815301076,1909f56bfc062723c751e8b465ee728b)
Start importing Assets/Chat.prefab using Guid(db137bc573b816c4483088e9504a985e) Importer(815301076,1909f56bfc062723c751e8b465ee728b)  -> (artifact id: 'c835730367673bb91b50df689d837480') in 0.135904 seconds 
  Import took 0.139452 seconds .

========================================================================
Received Import Request.
  Time since last request: 316.149723 seconds.
  path: Assets/Resources/Image/Story2/DataBank.jpg
  artifactKey: Guid(5a03ad3bcd280fd4a8fb75ee3e8a2cbb) Importer(815301076,1909f56bfc062723c751e8b465ee728b)
Start importing Assets/Resources/Image/Story2/DataBank.jpg using Guid(5a03ad3bcd280fd4a8fb75ee3e8a2cbb) Importer(815301076,1909f56bfc062723c751e8b465ee728b)  -> (artifact id: 'd4690ff57059a8ac98a68fb29dbc0108') in 0.091718 seconds 
  Import took 0.101078 seconds .

========================================================================
Received Import Request.
  Time since last request: 3.343517 seconds.
  path: Assets/Resources/Image/Story2/Gdrive1.png
  artifactKey: Guid(f2f8295f9fc74bc46933188d9e4ad308) Importer(815301076,1909f56bfc062723c751e8b465ee728b)
Start importing Assets/Resources/Image/Story2/Gdrive1.png using Guid(f2f8295f9fc74bc46933188d9e4ad308) Importer(815301076,1909f56bfc062723c751e8b465ee728b)  -> (artifact id: 'a43d774f14da975426e2eea2b1a470b5') in 0.031941 seconds 
  Import took 0.034843 seconds .

========================================================================
Received Import Request.
  Time since last request: 203.393563 seconds.
  path: Assets/Resources/Image/Story2/Gdrive2.png
  artifactKey: Guid(170ead9b87b504648adb1b41d5d23eb7) Importer(815301076,1909f56bfc062723c751e8b465ee728b)
Start importing Assets/Resources/Image/Story2/Gdrive2.png using Guid(170ead9b87b504648adb1b41d5d23eb7) Importer(815301076,1909f56bfc062723c751e8b465ee728b)  -> (artifact id: '4f27686bd6dfb96dc7758c27540db257') in 0.023829 seconds 
  Import took 0.027957 seconds .

========================================================================
Received Import Request.
  Time since last request: 0.981347 seconds.
  path: Assets/Resources/Image/Story2/Gdrive2-1.png
  artifactKey: Guid(e71702addb0de3a4793a4afc91b8fb35) Importer(815301076,1909f56bfc062723c751e8b465ee728b)
Start importing Assets/Resources/Image/Story2/Gdrive2-1.png using Guid(e71702addb0de3a4793a4afc91b8fb35) Importer(815301076,1909f56bfc062723c751e8b465ee728b)  -> (artifact id: 'cf4c7ce97870a9bc48abf5ae2c321006') in 0.025137 seconds 
  Import took 0.028123 seconds .

========================================================================
Received Import Request.
  Time since last request: 55.053041 seconds.
  path: Assets/PopUp/Story2/Page2-p.prefab
  artifactKey: Guid(6852a8d2ac8264e408a571601cdb075f) Importer(815301076,1909f56bfc062723c751e8b465ee728b)
Start importing Assets/PopUp/Story2/Page2-p.prefab using Guid(6852a8d2ac8264e408a571601cdb075f) Importer(815301076,1909f56bfc062723c751e8b465ee728b)  -> (artifact id: '6f45360fca8b7ecb0fcd46afb2a0e391') in 0.015695 seconds 
  Import took 0.019176 seconds .

========================================================================
Received Import Request.
  Time since last request: 45.824764 seconds.
  path: Assets/PopUp/Story2/Page2-3.prefab
  artifactKey: Guid(fd6da7d547f68c04f9a9a084b3101796) Importer(815301076,1909f56bfc062723c751e8b465ee728b)
Start importing Assets/PopUp/Story2/Page2-3.prefab using Guid(fd6da7d547f68c04f9a9a084b3101796) Importer(815301076,1909f56bfc062723c751e8b465ee728b)  -> (artifact id: '6e59c5a1d803ddb1b4bd877d85bcd426') in 0.044809 seconds 
  Import took 0.057679 seconds .

========================================================================
Received Import Request.
  Time since last request: 26.233741 seconds.
  path: Assets/Image/S2/page3/FG2-BG1.png
  artifactKey: Guid(730562045fe39f544b04b798c183c37b) Importer(815301076,1909f56bfc062723c751e8b465ee728b)
Start importing Assets/Image/S2/page3/FG2-BG1.png using Guid(730562045fe39f544b04b798c183c37b) Importer(815301076,1909f56bfc062723c751e8b465ee728b)  -> (artifact id: '9372bfcb5e067e4030832162c76bf2a9') in 0.054743 seconds 
  Import took 0.058944 seconds .

========================================================================
Received Import Request.
  Time since last request: 0.000249 seconds.
  path: Assets/Image/S2/page3/FG2-BG3.png
  artifactKey: Guid(6728eadb94190e549bb8b25efdb5c70a) Importer(815301076,1909f56bfc062723c751e8b465ee728b)
Start importing Assets/Image/S2/page3/FG2-BG3.png using Guid(6728eadb94190e549bb8b25efdb5c70a) Importer(815301076,1909f56bfc062723c751e8b465ee728b)  -> (artifact id: 'cd166247eeb38a152b4e0a50769527ab') in 0.033856 seconds 
  Import took 0.038508 seconds .

========================================================================
Received Import Request.
  Time since last request: 0.000380 seconds.
  path: Assets/Image/S2/page3/FG2-BG2.png
  artifactKey: Guid(28d37da062320ad4199838191a1f7071) Importer(815301076,1909f56bfc062723c751e8b465ee728b)
Start importing Assets/Image/S2/page3/FG2-BG2.png using Guid(28d37da062320ad4199838191a1f7071) Importer(815301076,1909f56bfc062723c751e8b465ee728b)  -> (artifact id: 'f1fed9901db33efc0a0c9fc609ef412d') in 0.104375 seconds 
  Import took 0.107936 seconds .

========================================================================
Received Import Request.
  Time since last request: 0.000272 seconds.
  path: Assets/Image/S2/page3/FG2-BG1-1.png
  artifactKey: Guid(2ab07da981ba89842b76e63debbe16f0) Importer(815301076,1909f56bfc062723c751e8b465ee728b)
Start importing Assets/Image/S2/page3/FG2-BG1-1.png using Guid(2ab07da981ba89842b76e63debbe16f0) Importer(815301076,1909f56bfc062723c751e8b465ee728b)  -> (artifact id: '3b30f997150cbf1eb3c419c58e1be95d') in 0.020868 seconds 
  Import took 0.036895 seconds .

========================================================================
Received Import Request.
  Time since last request: 0.000199 seconds.
  path: Assets/Image/S2/page4/FG4-BG1.png
  artifactKey: Guid(dbec05c525cfa4b438cfe5f7fd262eed) Importer(815301076,1909f56bfc062723c751e8b465ee728b)
Start importing Assets/Image/S2/page4/FG4-BG1.png using Guid(dbec05c525cfa4b438cfe5f7fd262eed) Importer(815301076,1909f56bfc062723c751e8b465ee728b)  -> (artifact id: '569e7a6bcd961752ffe414d5bb6e0273') in 0.017491 seconds 
  Import took 0.020498 seconds .

========================================================================
Received Import Request.
  Time since last request: 0.000243 seconds.
  path: Assets/Image/S2/page5/FG5-BG2.png
  artifactKey: Guid(73185f3c270d35045b9d71653239b130) Importer(815301076,1909f56bfc062723c751e8b465ee728b)
Start importing Assets/Image/S2/page5/FG5-BG2.png using Guid(73185f3c270d35045b9d71653239b130) Importer(815301076,1909f56bfc062723c751e8b465ee728b)  -> (artifact id: 'e4b3203d9b149028d93c010a9b37f8ed') in 0.014226 seconds 
  Import took 0.020858 seconds .

========================================================================
Received Import Request.
  Time since last request: 0.000423 seconds.
  path: Assets/Image/S2/FG3-BG.png
  artifactKey: Guid(4eb745fca61c6f740b70eed498c8400d) Importer(815301076,1909f56bfc062723c751e8b465ee728b)
Start importing Assets/Image/S2/FG3-BG.png using Guid(4eb745fca61c6f740b70eed498c8400d) Importer(815301076,1909f56bfc062723c751e8b465ee728b)  -> (artifact id: '9ecb4b61029c45883e07aaaa2268c309') in 0.014930 seconds 
  Import took 0.020857 seconds .

========================================================================
Received Import Request.
  Time since last request: 0.000284 seconds.
  path: Assets/Image/S2/page5/FG5-BG1.png
  artifactKey: Guid(2a5ef7618b000c1419fd5984bb331790) Importer(815301076,1909f56bfc062723c751e8b465ee728b)
Start importing Assets/Image/S2/page5/FG5-BG1.png using Guid(2a5ef7618b000c1419fd5984bb331790) Importer(815301076,1909f56bfc062723c751e8b465ee728b)  -> (artifact id: '017aa877d772c37ab7f2ca7a53eeaab6') in 0.016273 seconds 
  Import took 0.020015 seconds .

========================================================================
Received Import Request.
  Time since last request: 0.000295 seconds.
  path: Assets/Image/S2/page4/FG4-BG2.png
  artifactKey: Guid(09745a89f35b3c24cb9d1def014e2aed) Importer(815301076,1909f56bfc062723c751e8b465ee728b)
Start importing Assets/Image/S2/page4/FG4-BG2.png using Guid(09745a89f35b3c24cb9d1def014e2aed) Importer(815301076,1909f56bfc062723c751e8b465ee728b)  -> (artifact id: 'ada2905876fa49a28c70dbb1d0b81d32') in 0.023248 seconds 
  Import took 0.026951 seconds .

========================================================================
Received Import Request.
  Time since last request: 50.248455 seconds.
  path: Assets/Image/S2/page3/FG2-BG1.png
  artifactKey: Guid(730562045fe39f544b04b798c183c37b) Importer(815301076,1909f56bfc062723c751e8b465ee728b)
Start importing Assets/Image/S2/page3/FG2-BG1.png using Guid(730562045fe39f544b04b798c183c37b) Importer(815301076,1909f56bfc062723c751e8b465ee728b)  -> (artifact id: '8825b6f03f46202923e01ca4d10c4dfd') in 0.022928 seconds 
  Import took 0.027559 seconds .

========================================================================
Received Import Request.
  Time since last request: 0.000259 seconds.
  path: Assets/Image/S2/page3/FG2-BG3.png
  artifactKey: Guid(6728eadb94190e549bb8b25efdb5c70a) Importer(815301076,1909f56bfc062723c751e8b465ee728b)
Start importing Assets/Image/S2/page3/FG2-BG3.png using Guid(6728eadb94190e549bb8b25efdb5c70a) Importer(815301076,1909f56bfc062723c751e8b465ee728b)  -> (artifact id: '1e5293a682cae11968db79e250be8e83') in 0.032935 seconds 
  Import took 0.053365 seconds .

========================================================================
Received Import Request.
  Time since last request: 0.000177 seconds.
  path: Assets/Image/S2/page3/FG2-BG1-1.png
  artifactKey: Guid(2ab07da981ba89842b76e63debbe16f0) Importer(815301076,1909f56bfc062723c751e8b465ee728b)
Start importing Assets/Image/S2/page3/FG2-BG1-1.png using Guid(2ab07da981ba89842b76e63debbe16f0) Importer(815301076,1909f56bfc062723c751e8b465ee728b)  -> (artifact id: 'b09b9b3a3178185822e9b26bf41ed389') in 0.032174 seconds 
  Import took 0.034534 seconds .

========================================================================
Received Import Request.
  Time since last request: 0.000236 seconds.
  path: Assets/Image/S2/page4/FG4-BG1.png
  artifactKey: Guid(dbec05c525cfa4b438cfe5f7fd262eed) Importer(815301076,1909f56bfc062723c751e8b465ee728b)
Start importing Assets/Image/S2/page4/FG4-BG1.png using Guid(dbec05c525cfa4b438cfe5f7fd262eed) Importer(815301076,1909f56bfc062723c751e8b465ee728b)  -> (artifact id: '181e0feac3de79b2d929c7f1d6d96af7') in 0.026909 seconds 
  Import took 0.030213 seconds .

========================================================================
Received Import Request.
  Time since last request: 0.000185 seconds.
  path: Assets/Image/S2/page5/FG5-BG2.png
  artifactKey: Guid(73185f3c270d35045b9d71653239b130) Importer(815301076,1909f56bfc062723c751e8b465ee728b)
Start importing Assets/Image/S2/page5/FG5-BG2.png using Guid(73185f3c270d35045b9d71653239b130) Importer(815301076,1909f56bfc062723c751e8b465ee728b)  -> (artifact id: '95c4e85c5fcb82e9f48ae9c014143417') in 0.022661 seconds 
  Import took 0.025459 seconds .

========================================================================
Received Import Request.
  Time since last request: 0.000215 seconds.
  path: Assets/Image/S2/FG3-BG.png
  artifactKey: Guid(4eb745fca61c6f740b70eed498c8400d) Importer(815301076,1909f56bfc062723c751e8b465ee728b)
Start importing Assets/Image/S2/FG3-BG.png using Guid(4eb745fca61c6f740b70eed498c8400d) Importer(815301076,1909f56bfc062723c751e8b465ee728b)  -> (artifact id: '75deee372dc73f0f9443ba19383b1244') in 0.018809 seconds 
  Import took 0.031335 seconds .

========================================================================
Received Import Request.
  Time since last request: 0.000214 seconds.
  path: Assets/Image/S2/page5/FG5-BG1.png
  artifactKey: Guid(2a5ef7618b000c1419fd5984bb331790) Importer(815301076,1909f56bfc062723c751e8b465ee728b)
Start importing Assets/Image/S2/page5/FG5-BG1.png using Guid(2a5ef7618b000c1419fd5984bb331790) Importer(815301076,1909f56bfc062723c751e8b465ee728b)  -> (artifact id: 'd66f53d9f79ad8f580bdeaf8fac45d21') in 0.012600 seconds 
  Import took 0.016650 seconds .

========================================================================
Received Import Request.
  Time since last request: 0.000414 seconds.
  path: Assets/Image/S2/page4/FG4-BG2.png
  artifactKey: Guid(09745a89f35b3c24cb9d1def014e2aed) Importer(815301076,1909f56bfc062723c751e8b465ee728b)
Start importing Assets/Image/S2/page4/FG4-BG2.png using Guid(09745a89f35b3c24cb9d1def014e2aed) Importer(815301076,1909f56bfc062723c751e8b465ee728b)  -> (artifact id: '6e6eda143e5c68128e45bec08d282417') in 0.022942 seconds 
  Import took 0.027434 seconds .

========================================================================
Received Import Request.
  Time since last request: 10.024097 seconds.
  path: Assets/Image/S2/bank/B1-3.png
  artifactKey: Guid(edc4fa6cca497cd4697a122c19df1284) Importer(815301076,1909f56bfc062723c751e8b465ee728b)
Start importing Assets/Image/S2/bank/B1-3.png using Guid(edc4fa6cca497cd4697a122c19df1284) Importer(815301076,1909f56bfc062723c751e8b465ee728b)  -> (artifact id: 'f359ce34a13d4e0817d460dd005092e1') in 0.078044 seconds 
  Import took 0.081564 seconds .

========================================================================
Received Import Request.
  Time since last request: 199.473152 seconds.
  path: Assets/Image/S2/page3/FG2-BG2.png
  artifactKey: Guid(28d37da062320ad4199838191a1f7071) Importer(815301076,1909f56bfc062723c751e8b465ee728b)
Start importing Assets/Image/S2/page3/FG2-BG2.png using Guid(28d37da062320ad4199838191a1f7071) Importer(815301076,1909f56bfc062723c751e8b465ee728b)  -> (artifact id: '43b65feba0dad5555aa832fc3116b18c') in 0.018664 seconds 
  Import took 0.022947 seconds .

========================================================================
Received Import Request.
  Time since last request: 27.519526 seconds.
  path: Assets/Image/S2/FG1-1.png
  artifactKey: Guid(74c54ff14a03b2e47a12348b1d137ddf) Importer(815301076,1909f56bfc062723c751e8b465ee728b)
Start importing Assets/Image/S2/FG1-1.png using Guid(74c54ff14a03b2e47a12348b1d137ddf) Importer(815301076,1909f56bfc062723c751e8b465ee728b)  -> (artifact id: '013fe657b94a9a9871aab841d2be54b9') in 0.029929 seconds 
  Import took 0.032889 seconds .

========================================================================
Received Import Request.
  Time since last request: 0.000266 seconds.
  path: Assets/Image/S2/FG1-2.png
  artifactKey: Guid(0ce08ee6a3427c647849413c9faaa880) Importer(815301076,1909f56bfc062723c751e8b465ee728b)
Start importing Assets/Image/S2/FG1-2.png using Guid(0ce08ee6a3427c647849413c9faaa880) Importer(815301076,1909f56bfc062723c751e8b465ee728b)  -> (artifact id: '19a348d60b77800c8a3a0ae33721ebe4') in 0.028133 seconds 
  Import took 0.031332 seconds .

========================================================================
Received Import Request.
  Time since last request: 0.000271 seconds.
  path: Assets/Image/S2/FG1-4.png
  artifactKey: Guid(87c91970a5636c74c87fc58dd305e9d0) Importer(815301076,1909f56bfc062723c751e8b465ee728b)
Start importing Assets/Image/S2/FG1-4.png using Guid(87c91970a5636c74c87fc58dd305e9d0) Importer(815301076,1909f56bfc062723c751e8b465ee728b)  -> (artifact id: 'd6a5528bdee45001fb3ffdd151e63e89') in 0.062567 seconds 
  Import took 0.065788 seconds .

========================================================================
Received Import Request.
  Time since last request: 0.000256 seconds.
  path: Assets/Image/S2/FG1-3.png
  artifactKey: Guid(d8b0a4b0cffc23b4fa17615eaec758bc) Importer(815301076,1909f56bfc062723c751e8b465ee728b)
Start importing Assets/Image/S2/FG1-3.png using Guid(d8b0a4b0cffc23b4fa17615eaec758bc) Importer(815301076,1909f56bfc062723c751e8b465ee728b)  -> (artifact id: 'bc04a282a5d5d3c8e965eaeb857591a6') in 0.066016 seconds 
  Import took 0.068900 seconds .

========================================================================
Received Import Request.
  Time since last request: 1.176837 seconds.
  path: Assets/Image/S2/page4/FG4-1.png
  artifactKey: Guid(f897732f5a2cb4a44994ae3de33ef174) Importer(815301076,1909f56bfc062723c751e8b465ee728b)
Start importing Assets/Image/S2/page4/FG4-1.png using Guid(f897732f5a2cb4a44994ae3de33ef174) Importer(815301076,1909f56bfc062723c751e8b465ee728b)  -> (artifact id: '56cfc150e0db1fe96b793d2db575265b') in 0.055424 seconds 
  Import took 0.059039 seconds .

========================================================================
Received Import Request.
  Time since last request: 61.678171 seconds.
  path: Assets/PopUp/Story2/Page2-4.prefab
  artifactKey: Guid(bcbae2e55a98ec749b0205d1649ac211) Importer(815301076,1909f56bfc062723c751e8b465ee728b)
Start importing Assets/PopUp/Story2/Page2-4.prefab using Guid(bcbae2e55a98ec749b0205d1649ac211) Importer(815301076,1909f56bfc062723c751e8b465ee728b)  -> (artifact id: '50a0969833f4e29d5e2601ac11e4fdaf') in 0.020157 seconds 
  Import took 0.023548 seconds .

========================================================================
Received Import Request.
  Time since last request: 17.408081 seconds.
  path: Assets/Image/S2/page5/FG5-2.png
  artifactKey: Guid(f89b6085115082b42a479cbbe81bcc0f) Importer(815301076,1909f56bfc062723c751e8b465ee728b)
Start importing Assets/Image/S2/page5/FG5-2.png using Guid(f89b6085115082b42a479cbbe81bcc0f) Importer(815301076,1909f56bfc062723c751e8b465ee728b)  -> (artifact id: '112fafe84e8aaac7b96bc5eac86d108f') in 0.062177 seconds 
  Import took 0.066182 seconds .

========================================================================
Received Import Request.
  Time since last request: 58.229259 seconds.
  path: Assets/PopUp/Story2/Page2-4.prefab
  artifactKey: Guid(bcbae2e55a98ec749b0205d1649ac211) Importer(815301076,1909f56bfc062723c751e8b465ee728b)
Start importing Assets/PopUp/Story2/Page2-4.prefab using Guid(bcbae2e55a98ec749b0205d1649ac211) Importer(815301076,1909f56bfc062723c751e8b465ee728b)  -> (artifact id: 'fd97750ac256ed8cfb5a209e87335aa8') in 0.009043 seconds 
  Import took 0.013023 seconds .

========================================================================
Received Import Request.
  Time since last request: 0.000277 seconds.
  path: Assets/PopUp/Story2/Page2-5.prefab
  artifactKey: Guid(d50bbba00be8aa14c8394fa454e85c4b) Importer(815301076,1909f56bfc062723c751e8b465ee728b)
Start importing Assets/PopUp/Story2/Page2-5.prefab using Guid(d50bbba00be8aa14c8394fa454e85c4b) Importer(815301076,1909f56bfc062723c751e8b465ee728b)  -> (artifact id: '9d25a299b3e5bce7b3cb45f147c30c3f') in 0.016095 seconds 
  Import took 0.018922 seconds .

========================================================================
Received Import Request.
  Time since last request: 373.599793 seconds.
  path: Assets/Resources/Image/Story2/bag1.jpg
  artifactKey: Guid(a20e0feb36503e74abe0af855d46eef4) Importer(815301076,1909f56bfc062723c751e8b465ee728b)
Start importing Assets/Resources/Image/Story2/bag1.jpg using Guid(a20e0feb36503e74abe0af855d46eef4) Importer(815301076,1909f56bfc062723c751e8b465ee728b)  -> (artifact id: '02dc633763cb2384d91760ea0d33e8a9') in 0.172886 seconds 
  Import took 0.176267 seconds .

========================================================================
Received Import Request.
  Time since last request: 0.000187 seconds.
  path: Assets/Resources/Image/Story1/bag10.jpg
  artifactKey: Guid(7ffc975ce88ceb344b61c58f4b4bd3ff) Importer(815301076,1909f56bfc062723c751e8b465ee728b)
Start importing Assets/Resources/Image/Story1/bag10.jpg using Guid(7ffc975ce88ceb344b61c58f4b4bd3ff) Importer(815301076,1909f56bfc062723c751e8b465ee728b)  -> (artifact id: '235a13d614d3d7321ad3bc2247f55b96') in 0.099899 seconds 
  Import took 0.103167 seconds .

========================================================================
Received Import Request.
  Time since last request: 0.000333 seconds.
  path: Assets/Resources/Image/Story2/bag4.jpg
  artifactKey: Guid(7c146c0ddb6cf74429a6c8c30864db07) Importer(815301076,1909f56bfc062723c751e8b465ee728b)
Start importing Assets/Resources/Image/Story2/bag4.jpg using Guid(7c146c0ddb6cf74429a6c8c30864db07) Importer(815301076,1909f56bfc062723c751e8b465ee728b)  -> (artifact id: 'ded2aa357ad1e6ca7ab222226fa56afe') in 0.055552 seconds 
  Import took 0.059407 seconds .

========================================================================
Received Import Request.
  Time since last request: 0.000199 seconds.
  path: Assets/Resources/Image/Story2/bag11.jpg
  artifactKey: Guid(002d07a66edbdc449a416c13e8ec62a9) Importer(815301076,1909f56bfc062723c751e8b465ee728b)
Start importing Assets/Resources/Image/Story2/bag11.jpg using Guid(002d07a66edbdc449a416c13e8ec62a9) Importer(815301076,1909f56bfc062723c751e8b465ee728b)  -> (artifact id: 'ff21861317a6621a5f11db9d01863225') in 0.060560 seconds 
  Import took 0.063390 seconds .

========================================================================
Received Import Request.
  Time since last request: 0.000305 seconds.
  path: Assets/Resources/Image/Story2/bag9.jpg
  artifactKey: Guid(251f6f53c1c80c74e836e782991a936f) Importer(815301076,1909f56bfc062723c751e8b465ee728b)
Start importing Assets/Resources/Image/Story2/bag9.jpg using Guid(251f6f53c1c80c74e836e782991a936f) Importer(815301076,1909f56bfc062723c751e8b465ee728b)  -> (artifact id: '1605907071ba84bfdc340886560e024d') in 0.066836 seconds 
  Import took 0.070384 seconds .

========================================================================
Received Import Request.
  Time since last request: 0.000222 seconds.
  path: Assets/Resources/Image/Story2/bag6.jpg
  artifactKey: Guid(8ab1fbb5240b2d343a1efdddf23ae351) Importer(815301076,1909f56bfc062723c751e8b465ee728b)
Start importing Assets/Resources/Image/Story2/bag6.jpg using Guid(8ab1fbb5240b2d343a1efdddf23ae351) Importer(815301076,1909f56bfc062723c751e8b465ee728b)  -> (artifact id: '3378c226207e73ebf5e6456b786ee399') in 0.060769 seconds 
  Import took 0.063775 seconds .

========================================================================
Received Import Request.
  Time since last request: 0.000313 seconds.
  path: Assets/Resources/Image/Story1/bag1.png
  artifactKey: Guid(bb7b7ed2ae0d0ed44b357080e07dc426) Importer(815301076,1909f56bfc062723c751e8b465ee728b)
Start importing Assets/Resources/Image/Story1/bag1.png using Guid(bb7b7ed2ae0d0ed44b357080e07dc426) Importer(815301076,1909f56bfc062723c751e8b465ee728b)  -> (artifact id: '5444146d7e808380262a5596aec68e32') in 0.080592 seconds 
  Import took 0.083943 seconds .

========================================================================
Received Import Request.
  Time since last request: 0.000269 seconds.
  path: Assets/Resources/Image/Story2/bag3.jpg
  artifactKey: Guid(8ba9599a264e8e9458a434bf93f1edc2) Importer(815301076,1909f56bfc062723c751e8b465ee728b)
Start importing Assets/Resources/Image/Story2/bag3.jpg using Guid(8ba9599a264e8e9458a434bf93f1edc2) Importer(815301076,1909f56bfc062723c751e8b465ee728b)  -> (artifact id: 'c1ec18b7ded17486ffea62475f00dd81') in 0.063180 seconds 
  Import took 0.066023 seconds .

========================================================================
Received Import Request.
  Time since last request: 0.000195 seconds.
  path: Assets/Resources/Image/Story1/bag7.jpg
  artifactKey: Guid(7cbe881cdfa2bb547a0202842039a007) Importer(815301076,1909f56bfc062723c751e8b465ee728b)
Start importing Assets/Resources/Image/Story1/bag7.jpg using Guid(7cbe881cdfa2bb547a0202842039a007) Importer(815301076,1909f56bfc062723c751e8b465ee728b)  -> (artifact id: '76ce374d89f799652202dddc5b223c9e') in 0.047244 seconds 
  Import took 0.050054 seconds .

========================================================================
Received Import Request.
  Time since last request: 0.000301 seconds.
  path: Assets/Resources/Image/Story2/bag7.jpg
  artifactKey: Guid(84037dc273feaf54da0d32dbc9c19a9c) Importer(815301076,1909f56bfc062723c751e8b465ee728b)
Start importing Assets/Resources/Image/Story2/bag7.jpg using Guid(84037dc273feaf54da0d32dbc9c19a9c) Importer(815301076,1909f56bfc062723c751e8b465ee728b)  -> (artifact id: '16c59e8c17b0b22cf79ed73cfeff3a59') in 0.061198 seconds 
  Import took 0.064797 seconds .

========================================================================
Received Import Request.
  Time since last request: 0.000298 seconds.
  path: Assets/Resources/Image/Story2/bag2.jpg
  artifactKey: Guid(e2cfd835f839b214b8353c9a5500ac8a) Importer(815301076,1909f56bfc062723c751e8b465ee728b)
Start importing Assets/Resources/Image/Story2/bag2.jpg using Guid(e2cfd835f839b214b8353c9a5500ac8a) Importer(815301076,1909f56bfc062723c751e8b465ee728b)  -> (artifact id: '8ccae76e5322c59af42d22512fea3038') in 0.071889 seconds 
  Import took 0.078012 seconds .

========================================================================
Received Import Request.
  Time since last request: 0.000274 seconds.
  path: Assets/Resources/Image/Story2/bag8.jpg
  artifactKey: Guid(b8280710f213fd44396d504f89257a10) Importer(815301076,1909f56bfc062723c751e8b465ee728b)
Start importing Assets/Resources/Image/Story2/bag8.jpg using Guid(b8280710f213fd44396d504f89257a10) Importer(815301076,1909f56bfc062723c751e8b465ee728b)  -> (artifact id: '47de411ee40632c9bb31dad2d8edfc4a') in 0.075273 seconds 
  Import took 0.078188 seconds .

========================================================================
Received Import Request.
  Time since last request: 0.000259 seconds.
  path: Assets/Resources/Image/Story1/bag9.jpg
  artifactKey: Guid(c979d7b631f48ca40840df4036e99453) Importer(815301076,1909f56bfc062723c751e8b465ee728b)
Start importing Assets/Resources/Image/Story1/bag9.jpg using Guid(c979d7b631f48ca40840df4036e99453) Importer(815301076,1909f56bfc062723c751e8b465ee728b)  -> (artifact id: '5388b056cf1483c04605a272d42438b8') in 0.108979 seconds 
  Import took 0.113003 seconds .

========================================================================
Received Import Request.
  Time since last request: 0.000184 seconds.
  path: Assets/Resources/Image/Story1/bag8.jpg
  artifactKey: Guid(c4f39bd0abc15404b90e98d572a59d6c) Importer(815301076,1909f56bfc062723c751e8b465ee728b)
Start importing Assets/Resources/Image/Story1/bag8.jpg using Guid(c4f39bd0abc15404b90e98d572a59d6c) Importer(815301076,1909f56bfc062723c751e8b465ee728b)  -> (artifact id: 'a63d3ef9223da07c1be38be5e02533d4') in 0.178514 seconds 
  Import took 0.180978 seconds .

========================================================================
Received Import Request.
  Time since last request: 0.000229 seconds.
  path: Assets/Resources/Image/Story2/bag12.jpg
  artifactKey: Guid(22342f0eab3a60940bbd740ff1093fbf) Importer(815301076,1909f56bfc062723c751e8b465ee728b)
Start importing Assets/Resources/Image/Story2/bag12.jpg using Guid(22342f0eab3a60940bbd740ff1093fbf) Importer(815301076,1909f56bfc062723c751e8b465ee728b)  -> (artifact id: 'd39fec3ce0186764e900c336a5d902ca') in 0.069848 seconds 
  Import took 0.072992 seconds .

========================================================================
Received Import Request.
  Time since last request: 0.000327 seconds.
  path: Assets/Resources/Image/Story1/bag12.jpg
  artifactKey: Guid(0f02877fd785fbd479071ee1ec62220d) Importer(815301076,1909f56bfc062723c751e8b465ee728b)
Start importing Assets/Resources/Image/Story1/bag12.jpg using Guid(0f02877fd785fbd479071ee1ec62220d) Importer(815301076,1909f56bfc062723c751e8b465ee728b)  -> (artifact id: '2c2a26624a651cd38c759720c9ef4611') in 0.087412 seconds 
  Import took 0.091157 seconds .

========================================================================
Received Import Request.
  Time since last request: 0.000243 seconds.
  path: Assets/Resources/Image/Story1/bag11.jpg
  artifactKey: Guid(8d47396fd3b6a0b47a9ba4e987b6cc6e) Importer(815301076,1909f56bfc062723c751e8b465ee728b)
Start importing Assets/Resources/Image/Story1/bag11.jpg using Guid(8d47396fd3b6a0b47a9ba4e987b6cc6e) Importer(815301076,1909f56bfc062723c751e8b465ee728b)  -> (artifact id: 'cbf8641b74254969fc58c204bdaf1a20') in 0.084982 seconds 
  Import took 0.087974 seconds .

========================================================================
Received Import Request.
  Time since last request: 0.000167 seconds.
  path: Assets/Resources/Image/Story2/bag10.jpg
  artifactKey: Guid(715fe4717fa48c64e838e2050d4ed198) Importer(815301076,1909f56bfc062723c751e8b465ee728b)
Start importing Assets/Resources/Image/Story2/bag10.jpg using Guid(715fe4717fa48c64e838e2050d4ed198) Importer(815301076,1909f56bfc062723c751e8b465ee728b)  -> (artifact id: 'e4bd4a6452ac7feff08df561440839ca') in 0.062375 seconds 
  Import took 0.065015 seconds .

========================================================================
Received Import Request.
  Time since last request: 0.000185 seconds.
  path: Assets/Resources/Image/Story1/bag3.jpg
  artifactKey: Guid(24b3852e1262d194ead3cbcc62d37321) Importer(815301076,1909f56bfc062723c751e8b465ee728b)
Start importing Assets/Resources/Image/Story1/bag3.jpg using Guid(24b3852e1262d194ead3cbcc62d37321) Importer(815301076,1909f56bfc062723c751e8b465ee728b)  -> (artifact id: '786a7f599de37213b3d6c156cde774d7') in 0.046441 seconds 
  Import took 0.048851 seconds .

========================================================================
Received Import Request.
  Time since last request: 0.000176 seconds.
  path: Assets/Resources/Image/Story1/bag4.jpg
  artifactKey: Guid(875605b3bddb8cb40aed8cee57676f6a) Importer(815301076,1909f56bfc062723c751e8b465ee728b)
Start importing Assets/Resources/Image/Story1/bag4.jpg using Guid(875605b3bddb8cb40aed8cee57676f6a) Importer(815301076,1909f56bfc062723c751e8b465ee728b)  -> (artifact id: 'fa718c731e91e71333117429d64e0509') in 0.052507 seconds 
  Import took 0.054981 seconds .

========================================================================
Received Import Request.
  Time since last request: 78.485009 seconds.
  path: Assets/Resources/Feed/Game_S/Story2/story2-4-A-1.json
  artifactKey: Guid(870da38b570eda64d9990cd0979099a7) Importer(815301076,1909f56bfc062723c751e8b465ee728b)
Start importing Assets/Resources/Feed/Game_S/Story2/story2-4-A-1.json using Guid(870da38b570eda64d9990cd0979099a7) Importer(815301076,1909f56bfc062723c751e8b465ee728b)  -> (artifact id: 'c6a8474c0cb88b8d5d44a1903faf900c') in 0.018449 seconds 
  Import took 0.037301 seconds .

========================================================================
Received Import Request.
  Time since last request: 1499.095483 seconds.
  path: Assets/Script/PopUp/ChatPopup.cs
  artifactKey: Guid(486fa0ff47223284e9fa209b1c3386dc) Importer(815301076,1909f56bfc062723c751e8b465ee728b)
Start importing Assets/Script/PopUp/ChatPopup.cs using Guid(486fa0ff47223284e9fa209b1c3386dc) Importer(815301076,1909f56bfc062723c751e8b465ee728b)  -> (artifact id: 'fca5bc09e869986853e92464384abaed') in 0.010599 seconds 
  Import took 0.017249 seconds .

========================================================================
Received Prepare
Registering precompiled user dll's ...
Registered in 0.005020 seconds.
Begin MonoManager ReloadAssembly
Native extension for WindowsStandalone target not found
Refreshing native plugins compatible for Editor in 0.58 ms, found 2 plugins.
Preloading 0 native plugins for Editor in 0.00 ms.
Mono: successfully reloaded assembly
- Completed reload, in  1.141 seconds
Domain Reload Profiling:
	ReloadAssembly (1141ms)
		BeginReloadAssembly (132ms)
			ExecutionOrderSort (0ms)
			DisableScriptedObjects (5ms)
			BackupInstance (0ms)
			ReleaseScriptingObjects (0ms)
			CreateAndSetChildDomain (41ms)
		EndReloadAssembly (939ms)
			LoadAssemblies (103ms)
			RebuildTransferFunctionScriptingTraits (0ms)
			SetupTypeCache (343ms)
			ReleaseScriptCaches (1ms)
			RebuildScriptCaches (46ms)
			SetupLoadedEditorAssemblies (335ms)
				LogAssemblyErrors (0ms)
				InitializePlatformSupportModulesInManaged (6ms)
				SetLoadedEditorAssemblies (1ms)
				RefreshPlugins (1ms)
				BeforeProcessingInitializeOnLoad (82ms)
				ProcessInitializeOnLoadAttributes (231ms)
				ProcessInitializeOnLoadMethodAttributes (13ms)
				AfterProcessingInitializeOnLoad (3ms)
				EditorAssembliesLoaded (0ms)
			ExecutionOrderSort2 (0ms)
			AwakeInstancesAfterBackupRestoration (10ms)
Platform modules already initialized, skipping
Refreshing native plugins compatible for Editor in 0.56 ms, found 2 plugins.
Preloading 0 native plugins for Editor in 0.00 ms.
Unloading 1641 Unused Serialized files (Serialized files now loaded: 0)
System memory in use before: 80.3 MB.
System memory in use after: 80.4 MB.

Unloading 17 unused Assets to reduce memory usage. Loaded Objects now: 2118.
Total: 8.105000 ms (FindLiveObjects: 0.205300 ms CreateObjectMapping: 0.042800 ms MarkObjects: 7.802800 ms  DeleteObjects: 0.052100 ms)

AssetImportParameters requested are different than current active one (requested -> active):
  custom:framework-win-MediaFoundation: 216162199b28c13a410421893ffa2e32 -> 
  custom:video-decoder-ogg-theora: a1e56fd34408186e4bbccfd4996cb3dc -> 
  custom:container-muxer-webm: aa71ff27fc2769a1b78a27578f13a17b -> 
  custom:container-demuxer-webm: 4f35f7cbe854078d1ac9338744f61a02 -> 
  custom:container-demuxer-ogg: 62fdf1f143b41e24485cea50d1cbac27 -> 
  custom:video-encoder-webm-vp8: eb34c28f22e8b96e1ab97ce403110664 -> 
  custom:video-decoder-webm-vp8: 9c59270c3fd7afecdb556c50c9e8de78 -> 
  custom:audio-decoder-ogg-vorbis: bf7c407c2cedff20999df2af8eb42d56 -> 
  custom:audio-encoder-webm-vorbis: bf7c407c2cedff20999df2af8eb42d56 -> 
========================================================================
Received Prepare
Registering precompiled user dll's ...
Registered in 0.003377 seconds.
Begin MonoManager ReloadAssembly
Native extension for WindowsStandalone target not found
Refreshing native plugins compatible for Editor in 0.51 ms, found 2 plugins.
Preloading 0 native plugins for Editor in 0.00 ms.
Mono: successfully reloaded assembly
- Completed reload, in  1.124 seconds
Domain Reload Profiling:
	ReloadAssembly (1125ms)
		BeginReloadAssembly (129ms)
			ExecutionOrderSort (0ms)
			DisableScriptedObjects (6ms)
			BackupInstance (0ms)
			ReleaseScriptingObjects (0ms)
			CreateAndSetChildDomain (39ms)
		EndReloadAssembly (920ms)
			LoadAssemblies (96ms)
			RebuildTransferFunctionScriptingTraits (0ms)
			SetupTypeCache (347ms)
			ReleaseScriptCaches (1ms)
			RebuildScriptCaches (43ms)
			SetupLoadedEditorAssemblies (323ms)
				LogAssemblyErrors (0ms)
				InitializePlatformSupportModulesInManaged (5ms)
				SetLoadedEditorAssemblies (1ms)
				RefreshPlugins (1ms)
				BeforeProcessingInitializeOnLoad (81ms)
				ProcessInitializeOnLoadAttributes (220ms)
				ProcessInitializeOnLoadMethodAttributes (12ms)
				AfterProcessingInitializeOnLoad (4ms)
				EditorAssembliesLoaded (0ms)
			ExecutionOrderSort2 (0ms)
			AwakeInstancesAfterBackupRestoration (8ms)
Platform modules already initialized, skipping
Refreshing native plugins compatible for Editor in 0.67 ms, found 2 plugins.
Preloading 0 native plugins for Editor in 0.00 ms.
Unloading 1641 Unused Serialized files (Serialized files now loaded: 0)
System memory in use before: 80.3 MB.
System memory in use after: 80.4 MB.

Unloading 14 unused Assets to reduce memory usage. Loaded Objects now: 2120.
Total: 5.639100 ms (FindLiveObjects: 0.211000 ms CreateObjectMapping: 0.040400 ms MarkObjects: 5.332100 ms  DeleteObjects: 0.053000 ms)

AssetImportParameters requested are different than current active one (requested -> active):
  custom:framework-win-MediaFoundation: 216162199b28c13a410421893ffa2e32 -> 
  custom:video-decoder-ogg-theora: a1e56fd34408186e4bbccfd4996cb3dc -> 
  custom:container-muxer-webm: aa71ff27fc2769a1b78a27578f13a17b -> 
  custom:container-demuxer-webm: 4f35f7cbe854078d1ac9338744f61a02 -> 
  custom:container-demuxer-ogg: 62fdf1f143b41e24485cea50d1cbac27 -> 
  custom:video-encoder-webm-vp8: eb34c28f22e8b96e1ab97ce403110664 -> 
  custom:video-decoder-webm-vp8: 9c59270c3fd7afecdb556c50c9e8de78 -> 
  custom:audio-decoder-ogg-vorbis: bf7c407c2cedff20999df2af8eb42d56 -> 
  custom:audio-encoder-webm-vorbis: bf7c407c2cedff20999df2af8eb42d56 -> 
========================================================================
Received Prepare
Registering precompiled user dll's ...
Registered in 0.005504 seconds.
Begin MonoManager ReloadAssembly
Native extension for WindowsStandalone target not found
Refreshing native plugins compatible for Editor in 0.55 ms, found 2 plugins.
Preloading 0 native plugins for Editor in 0.00 ms.
Mono: successfully reloaded assembly
- Completed reload, in  1.135 seconds
Domain Reload Profiling:
	ReloadAssembly (1136ms)
		BeginReloadAssembly (138ms)
			ExecutionOrderSort (0ms)
			DisableScriptedObjects (5ms)
			BackupInstance (0ms)
			ReleaseScriptingObjects (0ms)
			CreateAndSetChildDomain (41ms)
		EndReloadAssembly (927ms)
			LoadAssemblies (112ms)
			RebuildTransferFunctionScriptingTraits (0ms)
			SetupTypeCache (325ms)
			ReleaseScriptCaches (1ms)
			RebuildScriptCaches (44ms)
			SetupLoadedEditorAssemblies (344ms)
				LogAssemblyErrors (0ms)
				InitializePlatformSupportModulesInManaged (5ms)
				SetLoadedEditorAssemblies (1ms)
				RefreshPlugins (1ms)
				BeforeProcessingInitializeOnLoad (89ms)
				ProcessInitializeOnLoadAttributes (233ms)
				ProcessInitializeOnLoadMethodAttributes (13ms)
				AfterProcessingInitializeOnLoad (3ms)
				EditorAssembliesLoaded (0ms)
			ExecutionOrderSort2 (0ms)
			AwakeInstancesAfterBackupRestoration (11ms)
Platform modules already initialized, skipping
Refreshing native plugins compatible for Editor in 0.85 ms, found 2 plugins.
Preloading 0 native plugins for Editor in 0.00 ms.
Unloading 1641 Unused Serialized files (Serialized files now loaded: 0)
System memory in use before: 80.3 MB.
System memory in use after: 80.4 MB.

Unloading 14 unused Assets to reduce memory usage. Loaded Objects now: 2122.
Total: 3.409400 ms (FindLiveObjects: 0.216300 ms CreateObjectMapping: 0.048000 ms MarkObjects: 3.124600 ms  DeleteObjects: 0.018400 ms)

AssetImportParameters requested are different than current active one (requested -> active):
  custom:framework-win-MediaFoundation: 216162199b28c13a410421893ffa2e32 -> 
  custom:video-decoder-ogg-theora: a1e56fd34408186e4bbccfd4996cb3dc -> 
  custom:container-muxer-webm: aa71ff27fc2769a1b78a27578f13a17b -> 
  custom:container-demuxer-webm: 4f35f7cbe854078d1ac9338744f61a02 -> 
  custom:container-demuxer-ogg: 62fdf1f143b41e24485cea50d1cbac27 -> 
  custom:video-encoder-webm-vp8: eb34c28f22e8b96e1ab97ce403110664 -> 
  custom:video-decoder-webm-vp8: 9c59270c3fd7afecdb556c50c9e8de78 -> 
  custom:audio-decoder-ogg-vorbis: bf7c407c2cedff20999df2af8eb42d56 -> 
  custom:audio-encoder-webm-vorbis: bf7c407c2cedff20999df2af8eb42d56 -> 
========================================================================
Received Prepare
Registering precompiled user dll's ...
Registered in 0.004828 seconds.
Begin MonoManager ReloadAssembly
Native extension for WindowsStandalone target not found
Refreshing native plugins compatible for Editor in 0.59 ms, found 2 plugins.
Preloading 0 native plugins for Editor in 0.00 ms.
Mono: successfully reloaded assembly
- Completed reload, in  1.149 seconds
Domain Reload Profiling:
	ReloadAssembly (1150ms)
		BeginReloadAssembly (134ms)
			ExecutionOrderSort (0ms)
			DisableScriptedObjects (6ms)
			BackupInstance (0ms)
			ReleaseScriptingObjects (0ms)
			CreateAndSetChildDomain (44ms)
		EndReloadAssembly (935ms)
			LoadAssemblies (111ms)
			RebuildTransferFunctionScriptingTraits (0ms)
			SetupTypeCache (348ms)
			ReleaseScriptCaches (1ms)
			RebuildScriptCaches (43ms)
			SetupLoadedEditorAssemblies (332ms)
				LogAssemblyErrors (0ms)
				InitializePlatformSupportModulesInManaged (4ms)
				SetLoadedEditorAssemblies (1ms)
				RefreshPlugins (1ms)
				BeforeProcessingInitializeOnLoad (86ms)
				ProcessInitializeOnLoadAttributes (226ms)
				ProcessInitializeOnLoadMethodAttributes (10ms)
				AfterProcessingInitializeOnLoad (4ms)
				EditorAssembliesLoaded (0ms)
			ExecutionOrderSort2 (0ms)
			AwakeInstancesAfterBackupRestoration (8ms)
Platform modules already initialized, skipping
Refreshing native plugins compatible for Editor in 1.36 ms, found 2 plugins.
Preloading 0 native plugins for Editor in 0.00 ms.
Unloading 1641 Unused Serialized files (Serialized files now loaded: 0)
System memory in use before: 80.3 MB.
System memory in use after: 80.4 MB.

Unloading 14 unused Assets to reduce memory usage. Loaded Objects now: 2124.
Total: 3.653700 ms (FindLiveObjects: 0.159800 ms CreateObjectMapping: 0.038600 ms MarkObjects: 3.289700 ms  DeleteObjects: 0.160300 ms)

AssetImportParameters requested are different than current active one (requested -> active):
  custom:framework-win-MediaFoundation: 216162199b28c13a410421893ffa2e32 -> 
  custom:video-decoder-ogg-theora: a1e56fd34408186e4bbccfd4996cb3dc -> 
  custom:container-muxer-webm: aa71ff27fc2769a1b78a27578f13a17b -> 
  custom:container-demuxer-webm: 4f35f7cbe854078d1ac9338744f61a02 -> 
  custom:container-demuxer-ogg: 62fdf1f143b41e24485cea50d1cbac27 -> 
  custom:video-encoder-webm-vp8: eb34c28f22e8b96e1ab97ce403110664 -> 
  custom:video-decoder-webm-vp8: 9c59270c3fd7afecdb556c50c9e8de78 -> 
  custom:audio-decoder-ogg-vorbis: bf7c407c2cedff20999df2af8eb42d56 -> 
  custom:audio-encoder-webm-vorbis: bf7c407c2cedff20999df2af8eb42d56 -> 
========================================================================
Received Prepare
Registering precompiled user dll's ...
Registered in 0.004189 seconds.
Begin MonoManager ReloadAssembly
Native extension for WindowsStandalone target not found
Refreshing native plugins compatible for Editor in 0.55 ms, found 2 plugins.
Preloading 0 native plugins for Editor in 0.00 ms.
Mono: successfully reloaded assembly
- Completed reload, in  1.161 seconds
Domain Reload Profiling:
	ReloadAssembly (1161ms)
		BeginReloadAssembly (136ms)
			ExecutionOrderSort (0ms)
			DisableScriptedObjects (8ms)
			BackupInstance (0ms)
			ReleaseScriptingObjects (0ms)
			CreateAndSetChildDomain (47ms)
		EndReloadAssembly (947ms)
			LoadAssemblies (109ms)
			RebuildTransferFunctionScriptingTraits (0ms)
			SetupTypeCache (338ms)
			ReleaseScriptCaches (1ms)
			RebuildScriptCaches (51ms)
			SetupLoadedEditorAssemblies (344ms)
				LogAssemblyErrors (0ms)
				InitializePlatformSupportModulesInManaged (5ms)
				SetLoadedEditorAssemblies (1ms)
				RefreshPlugins (1ms)
				BeforeProcessingInitializeOnLoad (93ms)
				ProcessInitializeOnLoadAttributes (232ms)
				ProcessInitializeOnLoadMethodAttributes (9ms)
				AfterProcessingInitializeOnLoad (3ms)
				EditorAssembliesLoaded (0ms)
			ExecutionOrderSort2 (0ms)
			AwakeInstancesAfterBackupRestoration (10ms)
Platform modules already initialized, skipping
Refreshing native plugins compatible for Editor in 0.53 ms, found 2 plugins.
Preloading 0 native plugins for Editor in 0.00 ms.
Unloading 1641 Unused Serialized files (Serialized files now loaded: 0)
System memory in use before: 80.3 MB.
System memory in use after: 80.4 MB.

Unloading 14 unused Assets to reduce memory usage. Loaded Objects now: 2126.
Total: 4.238100 ms (FindLiveObjects: 0.286300 ms CreateObjectMapping: 0.045200 ms MarkObjects: 3.872200 ms  DeleteObjects: 0.031300 ms)

AssetImportParameters requested are different than current active one (requested -> active):
  custom:framework-win-MediaFoundation: 216162199b28c13a410421893ffa2e32 -> 
  custom:video-decoder-ogg-theora: a1e56fd34408186e4bbccfd4996cb3dc -> 
  custom:container-muxer-webm: aa71ff27fc2769a1b78a27578f13a17b -> 
  custom:container-demuxer-webm: 4f35f7cbe854078d1ac9338744f61a02 -> 
  custom:container-demuxer-ogg: 62fdf1f143b41e24485cea50d1cbac27 -> 
  custom:video-encoder-webm-vp8: eb34c28f22e8b96e1ab97ce403110664 -> 
  custom:video-decoder-webm-vp8: 9c59270c3fd7afecdb556c50c9e8de78 -> 
  custom:audio-decoder-ogg-vorbis: bf7c407c2cedff20999df2af8eb42d56 -> 
  custom:audio-encoder-webm-vorbis: bf7c407c2cedff20999df2af8eb42d56 -> 
========================================================================
Received Import Request.
  Time since last request: 1750.060886 seconds.
  path: Assets/Resources/Feed/Game_S/Story2/MakeA
  artifactKey: Guid(701c14b5eaae2d541b21a84387c99a85) Importer(815301076,1909f56bfc062723c751e8b465ee728b)
Start importing Assets/Resources/Feed/Game_S/Story2/MakeA using Guid(701c14b5eaae2d541b21a84387c99a85) Importer(815301076,1909f56bfc062723c751e8b465ee728b)  -> (artifact id: 'fd2d941f4e9798cc854332ba2b02319b') in 0.015050 seconds 
  Import took 0.018434 seconds .

========================================================================
Received Import Request.
  Time since last request: 0.039391 seconds.
  path: Assets/Resources/Feed/Game_S/Story2/story2-2.json
  artifactKey: Guid(bb2cacf113cdef045bfa9fbc9be117bb) Importer(815301076,1909f56bfc062723c751e8b465ee728b)
Start importing Assets/Resources/Feed/Game_S/Story2/story2-2.json using Guid(bb2cacf113cdef045bfa9fbc9be117bb) Importer(815301076,1909f56bfc062723c751e8b465ee728b)  -> (artifact id: '5ce1d6568b4e386a305306d18bae0b07') in 0.030791 seconds 
  Import took 0.033488 seconds .

========================================================================
Received Import Request.
  Time since last request: 2.108705 seconds.
  path: Assets/Resources/Feed/Game_S/Story2/story2-1.json
  artifactKey: Guid(a3988088aee2d0e49bffb4d93287e197) Importer(815301076,1909f56bfc062723c751e8b465ee728b)
Start importing Assets/Resources/Feed/Game_S/Story2/story2-1.json using Guid(a3988088aee2d0e49bffb4d93287e197) Importer(815301076,1909f56bfc062723c751e8b465ee728b)  -> (artifact id: '35ff4778be7ecae9c5ceb2a18dda08ee') in 0.012861 seconds 
  Import took 0.016231 seconds .

========================================================================
Received Import Request.
  Time since last request: 5.183341 seconds.
  path: Assets/Resources/Feed/Game_S/Story2/MakeB
  artifactKey: Guid(e042d376415838f4c8b2e5943efbf53e) Importer(815301076,1909f56bfc062723c751e8b465ee728b)
Start importing Assets/Resources/Feed/Game_S/Story2/MakeB using Guid(e042d376415838f4c8b2e5943efbf53e) Importer(815301076,1909f56bfc062723c751e8b465ee728b)  -> (artifact id: 'e4a74ce1fdf57e845befe86789f0531c') in 0.010778 seconds 
  Import took 0.016734 seconds .

========================================================================
Received Import Request.
  Time since last request: 244.866906 seconds.
  path: Assets/Resources/Feed/Game_S/Story2/MakeA/story2-8.json
  artifactKey: Guid(35487d719ec51234db0b410e6b4149d9) Importer(815301076,1909f56bfc062723c751e8b465ee728b)
Start importing Assets/Resources/Feed/Game_S/Story2/MakeA/story2-8.json using Guid(35487d719ec51234db0b410e6b4149d9) Importer(815301076,1909f56bfc062723c751e8b465ee728b)  -> (artifact id: '9842b1c50ce8d01df81d1496d8ee84b7') in 0.028943 seconds 
  Import took 0.031810 seconds .

========================================================================
Received Import Request.
  Time since last request: 395.175282 seconds.
  path: Assets/PopUp/Story2/Page2-pA.prefab
  artifactKey: Guid(f0769ca96d621e247a26a9a655385752) Importer(815301076,1909f56bfc062723c751e8b465ee728b)
Start importing Assets/PopUp/Story2/Page2-pA.prefab using Guid(f0769ca96d621e247a26a9a655385752) Importer(815301076,1909f56bfc062723c751e8b465ee728b)  -> (artifact id: '75cd089247dbb1e255030542a0b8761e') in 0.053315 seconds 
  Import took 0.057052 seconds .

========================================================================
Received Import Request.
  Time since last request: 7.162779 seconds.
  path: Assets/PopUp/Story2/Page2-pB.prefab
  artifactKey: Guid(6852a8d2ac8264e408a571601cdb075f) Importer(815301076,1909f56bfc062723c751e8b465ee728b)
Start importing Assets/PopUp/Story2/Page2-pB.prefab using Guid(6852a8d2ac8264e408a571601cdb075f) Importer(815301076,1909f56bfc062723c751e8b465ee728b)  -> (artifact id: '7e876a84c021e6683111e0f2b48cfe2e') in 0.016841 seconds 
  Import took 0.021004 seconds .

========================================================================
Received Import Request.
  Time since last request: 12.488485 seconds.
  path: Assets/PopUp/Story2/Page2-pA.prefab
  artifactKey: Guid(f0769ca96d621e247a26a9a655385752) Importer(815301076,1909f56bfc062723c751e8b465ee728b)
Start importing Assets/PopUp/Story2/Page2-pA.prefab using Guid(f0769ca96d621e247a26a9a655385752) Importer(815301076,1909f56bfc062723c751e8b465ee728b)  -> (artifact id: '0900740574d38a1ae5ae1ab022f988ff') in 0.008786 seconds 
  Import took 0.013675 seconds .

========================================================================
Received Prepare
Registering precompiled user dll's ...
Registered in 0.006984 seconds.
Begin MonoManager ReloadAssembly
Native extension for WindowsStandalone target not found
Refreshing native plugins compatible for Editor in 0.52 ms, found 2 plugins.
Preloading 0 native plugins for Editor in 0.00 ms.
Mono: successfully reloaded assembly
- Completed reload, in  1.206 seconds
Domain Reload Profiling:
	ReloadAssembly (1207ms)
		BeginReloadAssembly (137ms)
			ExecutionOrderSort (0ms)
			DisableScriptedObjects (6ms)
			BackupInstance (0ms)
			ReleaseScriptingObjects (0ms)
			CreateAndSetChildDomain (40ms)
		EndReloadAssembly (994ms)
			LoadAssemblies (115ms)
			RebuildTransferFunctionScriptingTraits (0ms)
			SetupTypeCache (386ms)
			ReleaseScriptCaches (1ms)
			RebuildScriptCaches (48ms)
			SetupLoadedEditorAssemblies (342ms)
				LogAssemblyErrors (0ms)
				InitializePlatformSupportModulesInManaged (4ms)
				SetLoadedEditorAssemblies (1ms)
				RefreshPlugins (1ms)
				BeforeProcessingInitializeOnLoad (88ms)
				ProcessInitializeOnLoadAttributes (234ms)
				ProcessInitializeOnLoadMethodAttributes (10ms)
				AfterProcessingInitializeOnLoad (4ms)
				EditorAssembliesLoaded (1ms)
			ExecutionOrderSort2 (0ms)
			AwakeInstancesAfterBackupRestoration (8ms)
Platform modules already initialized, skipping
Refreshing native plugins compatible for Editor in 1.26 ms, found 2 plugins.
Preloading 0 native plugins for Editor in 0.00 ms.
Unloading 1641 Unused Serialized files (Serialized files now loaded: 0)
System memory in use before: 80.3 MB.
System memory in use after: 80.4 MB.

Unloading 16 unused Assets to reduce memory usage. Loaded Objects now: 2128.
Total: 7.431200 ms (FindLiveObjects: 0.223100 ms CreateObjectMapping: 0.043100 ms MarkObjects: 7.127500 ms  DeleteObjects: 0.035900 ms)

AssetImportParameters requested are different than current active one (requested -> active):
  custom:framework-win-MediaFoundation: 216162199b28c13a410421893ffa2e32 -> 
  custom:video-decoder-ogg-theora: a1e56fd34408186e4bbccfd4996cb3dc -> 
  custom:container-muxer-webm: aa71ff27fc2769a1b78a27578f13a17b -> 
  custom:container-demuxer-webm: 4f35f7cbe854078d1ac9338744f61a02 -> 
  custom:container-demuxer-ogg: 62fdf1f143b41e24485cea50d1cbac27 -> 
  custom:video-encoder-webm-vp8: eb34c28f22e8b96e1ab97ce403110664 -> 
  custom:video-decoder-webm-vp8: 9c59270c3fd7afecdb556c50c9e8de78 -> 
  custom:audio-decoder-ogg-vorbis: bf7c407c2cedff20999df2af8eb42d56 -> 
  custom:audio-encoder-webm-vorbis: bf7c407c2cedff20999df2af8eb42d56 -> 
========================================================================
Received Prepare
Registering precompiled user dll's ...
Registered in 0.004355 seconds.
Begin MonoManager ReloadAssembly
Native extension for WindowsStandalone target not found
Refreshing native plugins compatible for Editor in 1.05 ms, found 2 plugins.
Preloading 0 native plugins for Editor in 0.00 ms.
Mono: successfully reloaded assembly
- Completed reload, in  1.212 seconds
Domain Reload Profiling:
	ReloadAssembly (1213ms)
		BeginReloadAssembly (142ms)
			ExecutionOrderSort (0ms)
			DisableScriptedObjects (8ms)
			BackupInstance (0ms)
			ReleaseScriptingObjects (0ms)
			CreateAndSetChildDomain (54ms)
		EndReloadAssembly (997ms)
			LoadAssemblies (112ms)
			RebuildTransferFunctionScriptingTraits (0ms)
			SetupTypeCache (363ms)
			ReleaseScriptCaches (1ms)
			RebuildScriptCaches (49ms)
			SetupLoadedEditorAssemblies (354ms)
				LogAssemblyErrors (0ms)
				InitializePlatformSupportModulesInManaged (6ms)
				SetLoadedEditorAssemblies (1ms)
				RefreshPlugins (1ms)
				BeforeProcessingInitializeOnLoad (90ms)
				ProcessInitializeOnLoadAttributes (242ms)
				ProcessInitializeOnLoadMethodAttributes (10ms)
				AfterProcessingInitializeOnLoad (4ms)
				EditorAssembliesLoaded (0ms)
			ExecutionOrderSort2 (0ms)
			AwakeInstancesAfterBackupRestoration (7ms)
Platform modules already initialized, skipping
Refreshing native plugins compatible for Editor in 0.87 ms, found 2 plugins.
Preloading 0 native plugins for Editor in 0.00 ms.
Unloading 1641 Unused Serialized files (Serialized files now loaded: 0)
System memory in use before: 80.3 MB.
System memory in use after: 80.5 MB.

Unloading 14 unused Assets to reduce memory usage. Loaded Objects now: 2130.
Total: 3.376000 ms (FindLiveObjects: 0.225600 ms CreateObjectMapping: 0.044400 ms MarkObjects: 3.083400 ms  DeleteObjects: 0.020300 ms)

AssetImportParameters requested are different than current active one (requested -> active):
  custom:framework-win-MediaFoundation: 216162199b28c13a410421893ffa2e32 -> 
  custom:video-decoder-ogg-theora: a1e56fd34408186e4bbccfd4996cb3dc -> 
  custom:container-muxer-webm: aa71ff27fc2769a1b78a27578f13a17b -> 
  custom:container-demuxer-webm: 4f35f7cbe854078d1ac9338744f61a02 -> 
  custom:container-demuxer-ogg: 62fdf1f143b41e24485cea50d1cbac27 -> 
  custom:video-encoder-webm-vp8: eb34c28f22e8b96e1ab97ce403110664 -> 
  custom:video-decoder-webm-vp8: 9c59270c3fd7afecdb556c50c9e8de78 -> 
  custom:audio-decoder-ogg-vorbis: bf7c407c2cedff20999df2af8eb42d56 -> 
  custom:audio-encoder-webm-vorbis: bf7c407c2cedff20999df2af8eb42d56 -> 
========================================================================
Received Prepare
Registering precompiled user dll's ...
Registered in 0.004747 seconds.
Begin MonoManager ReloadAssembly
Native extension for WindowsStandalone target not found
Refreshing native plugins compatible for Editor in 1.49 ms, found 2 plugins.
Preloading 0 native plugins for Editor in 0.00 ms.
Mono: successfully reloaded assembly
- Completed reload, in  1.196 seconds
Domain Reload Profiling:
	ReloadAssembly (1196ms)
		BeginReloadAssembly (138ms)
			ExecutionOrderSort (0ms)
			DisableScriptedObjects (5ms)
			BackupInstance (0ms)
			ReleaseScriptingObjects (0ms)
			CreateAndSetChildDomain (40ms)
		EndReloadAssembly (980ms)
			LoadAssemblies (123ms)
			RebuildTransferFunctionScriptingTraits (0ms)
			SetupTypeCache (363ms)
			ReleaseScriptCaches (1ms)
			RebuildScriptCaches (49ms)
			SetupLoadedEditorAssemblies (333ms)
				LogAssemblyErrors (0ms)
				InitializePlatformSupportModulesInManaged (4ms)
				SetLoadedEditorAssemblies (1ms)
				RefreshPlugins (2ms)
				BeforeProcessingInitializeOnLoad (87ms)
				ProcessInitializeOnLoadAttributes (224ms)
				ProcessInitializeOnLoadMethodAttributes (12ms)
				AfterProcessingInitializeOnLoad (3ms)
				EditorAssembliesLoaded (0ms)
			ExecutionOrderSort2 (0ms)
			AwakeInstancesAfterBackupRestoration (9ms)
Platform modules already initialized, skipping
Refreshing native plugins compatible for Editor in 0.79 ms, found 2 plugins.
Preloading 0 native plugins for Editor in 0.00 ms.
Unloading 1641 Unused Serialized files (Serialized files now loaded: 0)
System memory in use before: 80.3 MB.
System memory in use after: 80.5 MB.

Unloading 14 unused Assets to reduce memory usage. Loaded Objects now: 2132.
Total: 2.835600 ms (FindLiveObjects: 0.183500 ms CreateObjectMapping: 0.036500 ms MarkObjects: 2.597400 ms  DeleteObjects: 0.016400 ms)

AssetImportParameters requested are different than current active one (requested -> active):
  custom:framework-win-MediaFoundation: 216162199b28c13a410421893ffa2e32 -> 
  custom:video-decoder-ogg-theora: a1e56fd34408186e4bbccfd4996cb3dc -> 
  custom:container-muxer-webm: aa71ff27fc2769a1b78a27578f13a17b -> 
  custom:container-demuxer-webm: 4f35f7cbe854078d1ac9338744f61a02 -> 
  custom:container-demuxer-ogg: 62fdf1f143b41e24485cea50d1cbac27 -> 
  custom:video-encoder-webm-vp8: eb34c28f22e8b96e1ab97ce403110664 -> 
  custom:video-decoder-webm-vp8: 9c59270c3fd7afecdb556c50c9e8de78 -> 
  custom:audio-decoder-ogg-vorbis: bf7c407c2cedff20999df2af8eb42d56 -> 
  custom:audio-encoder-webm-vorbis: bf7c407c2cedff20999df2af8eb42d56 -> 
========================================================================
Received Prepare
Registering precompiled user dll's ...
Registered in 0.003668 seconds.
Begin MonoManager ReloadAssembly
Native extension for WindowsStandalone target not found
Refreshing native plugins compatible for Editor in 0.80 ms, found 2 plugins.
Preloading 0 native plugins for Editor in 0.00 ms.
Mono: successfully reloaded assembly
- Completed reload, in  1.353 seconds
Domain Reload Profiling:
	ReloadAssembly (1354ms)
		BeginReloadAssembly (149ms)
			ExecutionOrderSort (0ms)
			DisableScriptedObjects (5ms)
			BackupInstance (0ms)
			ReleaseScriptingObjects (0ms)
			CreateAndSetChildDomain (47ms)
		EndReloadAssembly (1129ms)
			LoadAssemblies (117ms)
			RebuildTransferFunctionScriptingTraits (0ms)
			SetupTypeCache (413ms)
			ReleaseScriptCaches (1ms)
			RebuildScriptCaches (54ms)
			SetupLoadedEditorAssemblies (429ms)
				LogAssemblyErrors (0ms)
				InitializePlatformSupportModulesInManaged (8ms)
				SetLoadedEditorAssemblies (1ms)
				RefreshPlugins (1ms)
				BeforeProcessingInitializeOnLoad (90ms)
				ProcessInitializeOnLoadAttributes (316ms)
				ProcessInitializeOnLoadMethodAttributes (12ms)
				AfterProcessingInitializeOnLoad (3ms)
				EditorAssembliesLoaded (0ms)
			ExecutionOrderSort2 (0ms)
			AwakeInstancesAfterBackupRestoration (9ms)
Platform modules already initialized, skipping
Refreshing native plugins compatible for Editor in 1.88 ms, found 2 plugins.
Preloading 0 native plugins for Editor in 0.00 ms.
Unloading 1641 Unused Serialized files (Serialized files now loaded: 0)
System memory in use before: 80.3 MB.
System memory in use after: 80.5 MB.

Unloading 14 unused Assets to reduce memory usage. Loaded Objects now: 2134.
Total: 5.623200 ms (FindLiveObjects: 0.535500 ms CreateObjectMapping: 0.109100 ms MarkObjects: 4.935700 ms  DeleteObjects: 0.038800 ms)

AssetImportParameters requested are different than current active one (requested -> active):
  custom:framework-win-MediaFoundation: 216162199b28c13a410421893ffa2e32 -> 
  custom:video-decoder-ogg-theora: a1e56fd34408186e4bbccfd4996cb3dc -> 
  custom:container-muxer-webm: aa71ff27fc2769a1b78a27578f13a17b -> 
  custom:container-demuxer-webm: 4f35f7cbe854078d1ac9338744f61a02 -> 
  custom:container-demuxer-ogg: 62fdf1f143b41e24485cea50d1cbac27 -> 
  custom:video-encoder-webm-vp8: eb34c28f22e8b96e1ab97ce403110664 -> 
  custom:video-decoder-webm-vp8: 9c59270c3fd7afecdb556c50c9e8de78 -> 
  custom:audio-decoder-ogg-vorbis: bf7c407c2cedff20999df2af8eb42d56 -> 
  custom:audio-encoder-webm-vorbis: bf7c407c2cedff20999df2af8eb42d56 -> 
========================================================================
Received Import Request.
  Time since last request: 759.276857 seconds.
  path: Assets/Resources/Image/Story1/ForYouBAG.png
  artifactKey: Guid(7562079f9accfb54383c80134c467e0e) Importer(815301076,1909f56bfc062723c751e8b465ee728b)
Start importing Assets/Resources/Image/Story1/ForYouBAG.png using Guid(7562079f9accfb54383c80134c467e0e) Importer(815301076,1909f56bfc062723c751e8b465ee728b)  -> (artifact id: 'fd7ed2def9037fc375a9fe954387b985') in 0.151682 seconds 
  Import took 0.156051 seconds .

========================================================================
Received Import Request.
  Time since last request: 153.936579 seconds.
  path: Assets/PopUp/Story2/bank-3B.prefab
  artifactKey: Guid(f9dc481086ae4f849a2fe6a63b5d8b66) Importer(815301076,1909f56bfc062723c751e8b465ee728b)
Start importing Assets/PopUp/Story2/bank-3B.prefab using Guid(f9dc481086ae4f849a2fe6a63b5d8b66) Importer(815301076,1909f56bfc062723c751e8b465ee728b)  -> (artifact id: 'dc2f4c39e0b15af7f01a9d426eb3cbb7') in 0.049802 seconds 
  Import took 0.075083 seconds .

========================================================================
Received Import Request.
  Time since last request: 45.224659 seconds.
  path: Assets/PopUp/Story2/bank-4B.prefab
  artifactKey: Guid(e0b0b4c96808e2e4081b0d3b4f02306c) Importer(815301076,1909f56bfc062723c751e8b465ee728b)
Start importing Assets/PopUp/Story2/bank-4B.prefab using Guid(e0b0b4c96808e2e4081b0d3b4f02306c) Importer(815301076,1909f56bfc062723c751e8b465ee728b)  -> (artifact id: '6e7631c024b73fe281fbd970836f65d7') in 0.014787 seconds 
  Import took 0.018825 seconds .

========================================================================
Received Import Request.
  Time since last request: 611.074110 seconds.
  path: Assets/PopUp/Story2/bank-3N.prefab
  artifactKey: Guid(7c8f975293c92b34a91e96b85b353554) Importer(815301076,1909f56bfc062723c751e8b465ee728b)
Start importing Assets/PopUp/Story2/bank-3N.prefab using Guid(7c8f975293c92b34a91e96b85b353554) Importer(815301076,1909f56bfc062723c751e8b465ee728b)  -> (artifact id: '3da4262149d3148a24737d5d8fe3ec9f') in 0.015508 seconds 
  Import took 0.019142 seconds .

========================================================================
Received Import Request.
  Time since last request: 32.265102 seconds.
  path: Assets/PopUp/Story2/bank-4N.prefab
  artifactKey: Guid(2a8bcfe0d0ff48d4cb955c4ad4497403) Importer(815301076,1909f56bfc062723c751e8b465ee728b)
Start importing Assets/PopUp/Story2/bank-4N.prefab using Guid(2a8bcfe0d0ff48d4cb955c4ad4497403) Importer(815301076,1909f56bfc062723c751e8b465ee728b)  -> (artifact id: 'af47f17c297415cd9aa8b56b6f1c0af9') in 0.015974 seconds 
  Import took 0.019332 seconds .

========================================================================
Received Import Request.
  Time since last request: 1129.151237 seconds.
  path: Assets/Font/kanit-regular SDF.asset
  artifactKey: Guid(961e4199e883bfa4083730538a0e1719) Importer(815301076,1909f56bfc062723c751e8b465ee728b)
Start importing Assets/Font/kanit-regular SDF.asset using Guid(961e4199e883bfa4083730538a0e1719) Importer(815301076,1909f56bfc062723c751e8b465ee728b)  -> (artifact id: '34d4f6144ccba6a5fdf4ff56a8226fcb') in 0.141820 seconds 
  Import took 0.144833 seconds .

========================================================================
Received Import Request.
  Time since last request: 437.283247 seconds.
  path: Assets/Font/kanit-regular SDF.asset
  artifactKey: Guid(961e4199e883bfa4083730538a0e1719) Importer(815301076,1909f56bfc062723c751e8b465ee728b)
Start importing Assets/Font/kanit-regular SDF.asset using Guid(961e4199e883bfa4083730538a0e1719) Importer(815301076,1909f56bfc062723c751e8b465ee728b)  -> (artifact id: 'b7f15129716ab81da1e2b02a141cc14b') in 0.036890 seconds 
  Import took 0.039976 seconds .

========================================================================
Received Import Request.
  Time since last request: 73.046164 seconds.
  path: Assets/Font/kanit-regular SDF.asset
  artifactKey: Guid(961e4199e883bfa4083730538a0e1719) Importer(815301076,1909f56bfc062723c751e8b465ee728b)
Start importing Assets/Font/kanit-regular SDF.asset using Guid(961e4199e883bfa4083730538a0e1719) Importer(815301076,1909f56bfc062723c751e8b465ee728b)  -> (artifact id: '2dafcfc228ccff32de3f8a2eccf274a5') in 0.035361 seconds 
  Import took 0.038854 seconds .

========================================================================
Received Import Request.
  Time since last request: 42.944488 seconds.
  path: Assets/Font/kanit-regular SDF.asset
  artifactKey: Guid(961e4199e883bfa4083730538a0e1719) Importer(815301076,1909f56bfc062723c751e8b465ee728b)
Start importing Assets/Font/kanit-regular SDF.asset using Guid(961e4199e883bfa4083730538a0e1719) Importer(815301076,1909f56bfc062723c751e8b465ee728b)  -> (artifact id: 'cb15a0d0c4523bc7ae62793a4e870ee3') in 0.039399 seconds 
  Import took 0.042518 seconds .

========================================================================
Received Import Request.
  Time since last request: 81.296506 seconds.
  path: Assets/Font/kanit-regular SDF.asset
  artifactKey: Guid(961e4199e883bfa4083730538a0e1719) Importer(815301076,1909f56bfc062723c751e8b465ee728b)
Start importing Assets/Font/kanit-regular SDF.asset using Guid(961e4199e883bfa4083730538a0e1719) Importer(815301076,1909f56bfc062723c751e8b465ee728b)  -> (artifact id: '8f478d472143587570bcc0e65b300043') in 0.034337 seconds 
  Import took 0.037846 seconds .

========================================================================
Received Import Request.
  Time since last request: 895.242618 seconds.
  path: Assets/PopUp/Story2/Page2-pB.prefab
  artifactKey: Guid(6852a8d2ac8264e408a571601cdb075f) Importer(815301076,1909f56bfc062723c751e8b465ee728b)
Start importing Assets/PopUp/Story2/Page2-pB.prefab using Guid(6852a8d2ac8264e408a571601cdb075f) Importer(815301076,1909f56bfc062723c751e8b465ee728b)  -> (artifact id: 'bddf47bb7aee50d6cc10e5a7075829fb') in 0.015037 seconds 
  Import took 0.018634 seconds .

========================================================================
Received Import Request.
  Time since last request: 54.489505 seconds.
  path: Assets/Resources/Image/Story2/bmoney.png
  artifactKey: Guid(0bb6cd8da4bff244a9d1ae7092d51191) Importer(815301076,1909f56bfc062723c751e8b465ee728b)
Start importing Assets/Resources/Image/Story2/bmoney.png using Guid(0bb6cd8da4bff244a9d1ae7092d51191) Importer(815301076,1909f56bfc062723c751e8b465ee728b)  -> (artifact id: 'deedf9d976ccf980b39d6801ba586c8e') in 0.016128 seconds 
  Import took 0.019154 seconds .

========================================================================
Received Import Request.
  Time since last request: 59.067078 seconds.
  path: Assets/Resources/Image/Story2/prawnthai5.png
  artifactKey: Guid(d362c0e096573334c9d5a0df2c717087) Importer(815301076,1909f56bfc062723c751e8b465ee728b)
Start importing Assets/Resources/Image/Story2/prawnthai5.png using Guid(d362c0e096573334c9d5a0df2c717087) Importer(815301076,1909f56bfc062723c751e8b465ee728b)  -> (artifact id: '6a8e882a1fa5d122935d064e3396eba8') in 0.056232 seconds 
  Import took 0.060729 seconds .

========================================================================
Received Prepare
Registering precompiled user dll's ...
Registered in 0.005041 seconds.
Begin MonoManager ReloadAssembly
Native extension for WindowsStandalone target not found
Refreshing native plugins compatible for Editor in 0.54 ms, found 2 plugins.
Preloading 0 native plugins for Editor in 0.00 ms.
Mono: successfully reloaded assembly
- Completed reload, in  1.175 seconds
Domain Reload Profiling:
	ReloadAssembly (1176ms)
		BeginReloadAssembly (128ms)
			ExecutionOrderSort (0ms)
			DisableScriptedObjects (5ms)
			BackupInstance (0ms)
			ReleaseScriptingObjects (0ms)
			CreateAndSetChildDomain (43ms)
		EndReloadAssembly (977ms)
			LoadAssemblies (105ms)
			RebuildTransferFunctionScriptingTraits (0ms)
			SetupTypeCache (370ms)
			ReleaseScriptCaches (1ms)
			RebuildScriptCaches (49ms)
			SetupLoadedEditorAssemblies (345ms)
				LogAssemblyErrors (0ms)
				InitializePlatformSupportModulesInManaged (4ms)
				SetLoadedEditorAssemblies (1ms)
				RefreshPlugins (1ms)
				BeforeProcessingInitializeOnLoad (85ms)
				ProcessInitializeOnLoadAttributes (239ms)
				ProcessInitializeOnLoadMethodAttributes (9ms)
				AfterProcessingInitializeOnLoad (5ms)
				EditorAssembliesLoaded (0ms)
			ExecutionOrderSort2 (0ms)
			AwakeInstancesAfterBackupRestoration (8ms)
Platform modules already initialized, skipping
Refreshing native plugins compatible for Editor in 0.57 ms, found 2 plugins.
Preloading 0 native plugins for Editor in 0.00 ms.
Unloading 1641 Unused Serialized files (Serialized files now loaded: 0)
System memory in use before: 80.7 MB.
System memory in use after: 80.8 MB.

Unloading 17 unused Assets to reduce memory usage. Loaded Objects now: 2176.
Total: 5.407200 ms (FindLiveObjects: 0.222300 ms CreateObjectMapping: 0.048900 ms MarkObjects: 4.994700 ms  DeleteObjects: 0.138800 ms)

AssetImportParameters requested are different than current active one (requested -> active):
  custom:framework-win-MediaFoundation: 216162199b28c13a410421893ffa2e32 -> 
  custom:video-decoder-ogg-theora: a1e56fd34408186e4bbccfd4996cb3dc -> 
  custom:container-muxer-webm: aa71ff27fc2769a1b78a27578f13a17b -> 
  custom:container-demuxer-webm: 4f35f7cbe854078d1ac9338744f61a02 -> 
  custom:container-demuxer-ogg: 62fdf1f143b41e24485cea50d1cbac27 -> 
  custom:video-encoder-webm-vp8: eb34c28f22e8b96e1ab97ce403110664 -> 
  custom:video-decoder-webm-vp8: 9c59270c3fd7afecdb556c50c9e8de78 -> 
  custom:audio-decoder-ogg-vorbis: bf7c407c2cedff20999df2af8eb42d56 -> 
  custom:audio-encoder-webm-vorbis: bf7c407c2cedff20999df2af8eb42d56 -> 
========================================================================
Received Import Request.
  Time since last request: 2382.617152 seconds.
  path: Assets/PopUp/Story2/bank-4.prefab
  artifactKey: Guid(b61c37c9712731446879088844e061c9) Importer(815301076,1909f56bfc062723c751e8b465ee728b)
Start importing Assets/PopUp/Story2/bank-4.prefab using Guid(b61c37c9712731446879088844e061c9) Importer(815301076,1909f56bfc062723c751e8b465ee728b)  -> (artifact id: 'ded29acc3fc0b769df72b32a128c9df9') in 0.063588 seconds 
  Import took 0.066982 seconds .

========================================================================
Received Import Request.
  Time since last request: 1.730891 seconds.
  path: Assets/PopUp/Story2/Page1-A.prefab
  artifactKey: Guid(3ab0102f57b48414ab2c43669342b665) Importer(815301076,1909f56bfc062723c751e8b465ee728b)
Start importing Assets/PopUp/Story2/Page1-A.prefab using Guid(3ab0102f57b48414ab2c43669342b665) Importer(815301076,1909f56bfc062723c751e8b465ee728b)  -> (artifact id: '9a551406400adbc43990622c96b4755a') in 0.033269 seconds 
  Import took 0.038772 seconds .

========================================================================
Received Import Request.
  Time since last request: 204.080495 seconds.
  path: Assets/PopUp/Story2/bank-4NN.prefab
  artifactKey: Guid(1100908677475234aa01979448140a0f) Importer(815301076,1909f56bfc062723c751e8b465ee728b)
Start importing Assets/PopUp/Story2/bank-4NN.prefab using Guid(1100908677475234aa01979448140a0f) Importer(815301076,1909f56bfc062723c751e8b465ee728b)  -> (artifact id: 'd24c9008e1a49784bfaff4df96ef6cfd') in 0.014651 seconds 
  Import took 0.017789 seconds .

========================================================================
Received Import Request.
  Time since last request: 3.705079 seconds.
  path: Assets/PopUp/Story2/bank-4BB.prefab
  artifactKey: Guid(5d669cdba0aa7f347b0657e1c738c176) Importer(815301076,1909f56bfc062723c751e8b465ee728b)
Start importing Assets/PopUp/Story2/bank-4BB.prefab using Guid(5d669cdba0aa7f347b0657e1c738c176) Importer(815301076,1909f56bfc062723c751e8b465ee728b)  -> (artifact id: '222f0e87de64554c34fc3cce238c4558') in 0.011409 seconds 
  Import took 0.014403 seconds .

========================================================================
Received Import Request.
  Time since last request: 2.780126 seconds.
  path: Assets/PopUp/Story2/bank-4AA.prefab
  artifactKey: Guid(ee764ffe2b679514d81b44bafc3b2ed7) Importer(815301076,1909f56bfc062723c751e8b465ee728b)
Start importing Assets/PopUp/Story2/bank-4AA.prefab using Guid(ee764ffe2b679514d81b44bafc3b2ed7) Importer(815301076,1909f56bfc062723c751e8b465ee728b)  -> (artifact id: '0df6da3a5de31937ead327d822eb24c8') in 0.013250 seconds 
  Import took 0.016914 seconds .

========================================================================
Received Prepare
Registering precompiled user dll's ...
Registered in 0.006265 seconds.
Begin MonoManager ReloadAssembly
Native extension for WindowsStandalone target not found
Refreshing native plugins compatible for Editor in 1.18 ms, found 2 plugins.
Preloading 0 native plugins for Editor in 0.00 ms.
Mono: successfully reloaded assembly
- Completed reload, in  1.393 seconds
Domain Reload Profiling:
	ReloadAssembly (1394ms)
		BeginReloadAssembly (152ms)
			ExecutionOrderSort (0ms)
			DisableScriptedObjects (6ms)
			BackupInstance (0ms)
			ReleaseScriptingObjects (0ms)
			CreateAndSetChildDomain (52ms)
		EndReloadAssembly (1159ms)
			LoadAssemblies (113ms)
			RebuildTransferFunctionScriptingTraits (0ms)
			SetupTypeCache (403ms)
			ReleaseScriptCaches (1ms)
			RebuildScriptCaches (48ms)
			SetupLoadedEditorAssemblies (463ms)
				LogAssemblyErrors (0ms)
				InitializePlatformSupportModulesInManaged (8ms)
				SetLoadedEditorAssemblies (1ms)
				RefreshPlugins (1ms)
				BeforeProcessingInitializeOnLoad (108ms)
				ProcessInitializeOnLoadAttributes (329ms)
				ProcessInitializeOnLoadMethodAttributes (13ms)
				AfterProcessingInitializeOnLoad (3ms)
				EditorAssembliesLoaded (0ms)
			ExecutionOrderSort2 (0ms)
			AwakeInstancesAfterBackupRestoration (10ms)
Platform modules already initialized, skipping
Refreshing native plugins compatible for Editor in 1.29 ms, found 2 plugins.
Preloading 0 native plugins for Editor in 0.00 ms.
Unloading 1641 Unused Serialized files (Serialized files now loaded: 0)
System memory in use before: 80.7 MB.
System memory in use after: 80.8 MB.

Unloading 15 unused Assets to reduce memory usage. Loaded Objects now: 2178.
Total: 8.072000 ms (FindLiveObjects: 0.478800 ms CreateObjectMapping: 0.103900 ms MarkObjects: 7.427000 ms  DeleteObjects: 0.059700 ms)

AssetImportParameters requested are different than current active one (requested -> active):
  custom:framework-win-MediaFoundation: 216162199b28c13a410421893ffa2e32 -> 
  custom:video-decoder-ogg-theora: a1e56fd34408186e4bbccfd4996cb3dc -> 
  custom:container-muxer-webm: aa71ff27fc2769a1b78a27578f13a17b -> 
  custom:container-demuxer-webm: 4f35f7cbe854078d1ac9338744f61a02 -> 
  custom:container-demuxer-ogg: 62fdf1f143b41e24485cea50d1cbac27 -> 
  custom:video-encoder-webm-vp8: eb34c28f22e8b96e1ab97ce403110664 -> 
  custom:video-decoder-webm-vp8: 9c59270c3fd7afecdb556c50c9e8de78 -> 
  custom:audio-decoder-ogg-vorbis: bf7c407c2cedff20999df2af8eb42d56 -> 
  custom:audio-encoder-webm-vorbis: bf7c407c2cedff20999df2af8eb42d56 -> 
========================================================================
Received Import Request.
  Time since last request: 1950.036505 seconds.
  path: Assets/PopUp/Story2/bank-3.prefab
  artifactKey: Guid(57d8aba59483f2845a254737bc464da0) Importer(815301076,1909f56bfc062723c751e8b465ee728b)
Start importing Assets/PopUp/Story2/bank-3.prefab using Guid(57d8aba59483f2845a254737bc464da0) Importer(815301076,1909f56bfc062723c751e8b465ee728b)  -> (artifact id: '7a46327bca1be7be9fadd4cbda6e12c1') in 0.062537 seconds 
  Import took 0.067767 seconds .

========================================================================
Received Import Request.
  Time since last request: 154.199137 seconds.
  path: Assets/PopUp/Story2/bank-4AA.prefab
  artifactKey: Guid(ee764ffe2b679514d81b44bafc3b2ed7) Importer(815301076,1909f56bfc062723c751e8b465ee728b)
Start importing Assets/PopUp/Story2/bank-4AA.prefab using Guid(ee764ffe2b679514d81b44bafc3b2ed7) Importer(815301076,1909f56bfc062723c751e8b465ee728b)  -> (artifact id: '603ede17b87c6a9b9bbac64163889a77') in 0.057384 seconds 
  Import took 0.064311 seconds .

========================================================================
Received Import Request.
  Time since last request: 57.107529 seconds.
  path: Assets/PopUp/Story2/bank-3-C.prefab
  artifactKey: Guid(fd811a64453a36f45a054d9e1254b8c0) Importer(815301076,1909f56bfc062723c751e8b465ee728b)
Start importing Assets/PopUp/Story2/bank-3-C.prefab using Guid(fd811a64453a36f45a054d9e1254b8c0) Importer(815301076,1909f56bfc062723c751e8b465ee728b)  -> (artifact id: '2a44c94089affdd9480fff0ff0f0509a') in 0.018983 seconds 
  Import took 0.024404 seconds .

========================================================================
Received Import Request.
  Time since last request: 24.537407 seconds.
  path: Assets/PopUp/Story2/bank-3-C.prefab
  artifactKey: Guid(fd811a64453a36f45a054d9e1254b8c0) Importer(815301076,1909f56bfc062723c751e8b465ee728b)
Start importing Assets/PopUp/Story2/bank-3-C.prefab using Guid(fd811a64453a36f45a054d9e1254b8c0) Importer(815301076,1909f56bfc062723c751e8b465ee728b)  -> (artifact id: '26c5df636326ef9d399ac7c840c9a69e') in 0.013630 seconds 
  Import took 0.019422 seconds .

========================================================================
Received Import Request.
  Time since last request: 978.667487 seconds.
  path: Assets/PopUp/Story2/bank-4NN.prefab
  artifactKey: Guid(1100908677475234aa01979448140a0f) Importer(815301076,1909f56bfc062723c751e8b465ee728b)
Start importing Assets/PopUp/Story2/bank-4NN.prefab using Guid(1100908677475234aa01979448140a0f) Importer(815301076,1909f56bfc062723c751e8b465ee728b)  -> (artifact id: '4c3ee5312cbb17fd5ee35850463a4f04') in 0.016467 seconds 
  Import took 0.021587 seconds .

========================================================================
Received Import Request.
  Time since last request: 10.649773 seconds.
  path: Assets/PopUp/Story2/Page2-pA.prefab
  artifactKey: Guid(f0769ca96d621e247a26a9a655385752) Importer(815301076,1909f56bfc062723c751e8b465ee728b)
Start importing Assets/PopUp/Story2/Page2-pA.prefab using Guid(f0769ca96d621e247a26a9a655385752) Importer(815301076,1909f56bfc062723c751e8b465ee728b)  -> (artifact id: 'f4c6557131e63d54c21043bdc8ed59a1') in 0.026395 seconds 
  Import took 0.033788 seconds .

========================================================================
Received Prepare
Registering precompiled user dll's ...
Registered in 0.005683 seconds.
Begin MonoManager ReloadAssembly
Native extension for WindowsStandalone target not found
Refreshing native plugins compatible for Editor in 0.82 ms, found 2 plugins.
Preloading 0 native plugins for Editor in 0.00 ms.
Mono: successfully reloaded assembly
- Completed reload, in  1.888 seconds
Domain Reload Profiling:
	ReloadAssembly (1888ms)
		BeginReloadAssembly (268ms)
			ExecutionOrderSort (0ms)
			DisableScriptedObjects (11ms)
			BackupInstance (0ms)
			ReleaseScriptingObjects (0ms)
			CreateAndSetChildDomain (84ms)
		EndReloadAssembly (1474ms)
			LoadAssemblies (209ms)
			RebuildTransferFunctionScriptingTraits (0ms)
			SetupTypeCache (666ms)
			ReleaseScriptCaches (1ms)
			RebuildScriptCaches (58ms)
			SetupLoadedEditorAssemblies (491ms)
				LogAssemblyErrors (0ms)
				InitializePlatformSupportModulesInManaged (5ms)
				SetLoadedEditorAssemblies (1ms)
				RefreshPlugins (1ms)
				BeforeProcessingInitializeOnLoad (146ms)
				ProcessInitializeOnLoadAttributes (320ms)
				ProcessInitializeOnLoadMethodAttributes (14ms)
				AfterProcessingInitializeOnLoad (5ms)
				EditorAssembliesLoaded (0ms)
			ExecutionOrderSort2 (0ms)
			AwakeInstancesAfterBackupRestoration (9ms)
Platform modules already initialized, skipping
Refreshing native plugins compatible for Editor in 2.06 ms, found 2 plugins.
Preloading 0 native plugins for Editor in 0.00 ms.
Unloading 1641 Unused Serialized files (Serialized files now loaded: 0)
System memory in use before: 80.7 MB.
System memory in use after: 80.8 MB.

Unloading 17 unused Assets to reduce memory usage. Loaded Objects now: 2180.
Total: 5.092800 ms (FindLiveObjects: 0.333000 ms CreateObjectMapping: 0.063600 ms MarkObjects: 4.645700 ms  DeleteObjects: 0.048800 ms)

AssetImportParameters requested are different than current active one (requested -> active):
  custom:framework-win-MediaFoundation: 216162199b28c13a410421893ffa2e32 -> 
  custom:video-decoder-ogg-theora: a1e56fd34408186e4bbccfd4996cb3dc -> 
  custom:container-muxer-webm: aa71ff27fc2769a1b78a27578f13a17b -> 
  custom:container-demuxer-webm: 4f35f7cbe854078d1ac9338744f61a02 -> 
  custom:container-demuxer-ogg: 62fdf1f143b41e24485cea50d1cbac27 -> 
  custom:video-encoder-webm-vp8: eb34c28f22e8b96e1ab97ce403110664 -> 
  custom:video-decoder-webm-vp8: 9c59270c3fd7afecdb556c50c9e8de78 -> 
  custom:audio-decoder-ogg-vorbis: bf7c407c2cedff20999df2af8eb42d56 -> 
  custom:audio-encoder-webm-vorbis: bf7c407c2cedff20999df2af8eb42d56 -> 
AssetImportWorkerClient::OnTransportError - code=2 error=End of file
